Using pre-set license
Built from '2021.3/staging' branch; Version is '2021.3.0f1 (6eacc8284459) revision 7253192'; Using compiler version '192829333'; Build Type 'Release'
OS: 'Windows 10  (10.0.19045) 64bit Education' Language: 'ko' Physical Memory: 16098 MB
BatchMode: 1, IsHumanControllingUs: 0, StartBugReporterOnCrash: 0, Is64bit: 1, IsPro: 1

COMMAND LINE ARGUMENTS:
C:\Program Files\Unity\Hub\Editor\2021.3.0f1\Editor\Unity.exe
-adb2
-batchMode
-noUpm
-name
AssetImportWorker0
-projectPath
C:/Users/s2020112527/ProjectGP
-logFile
Logs/AssetImportWorker0.log
-srvPort
9898
Successfully changed project path to: C:/Users/s2020112527/ProjectGP
C:/Users/s2020112527/ProjectGP
[UnityMemory] Configuration Parameters - Can be set up in boot.config
    "memorysetup-bucket-allocator-granularity=16"
    "memorysetup-bucket-allocator-bucket-count=8"
    "memorysetup-bucket-allocator-block-size=33554432"
    "memorysetup-bucket-allocator-block-count=8"
    "memorysetup-main-allocator-block-size=16777216"
    "memorysetup-thread-allocator-block-size=16777216"
    "memorysetup-gfx-main-allocator-block-size=16777216"
    "memorysetup-gfx-thread-allocator-block-size=16777216"
    "memorysetup-cache-allocator-block-size=4194304"
    "memorysetup-typetree-allocator-block-size=2097152"
    "memorysetup-profiler-bucket-allocator-granularity=16"
    "memorysetup-profiler-bucket-allocator-bucket-count=8"
    "memorysetup-profiler-bucket-allocator-block-size=33554432"
    "memorysetup-profiler-bucket-allocator-block-count=8"
    "memorysetup-profiler-allocator-block-size=16777216"
    "memorysetup-profiler-editor-allocator-block-size=1048576"
    "memorysetup-temp-allocator-size-main=16777216"
    "memorysetup-job-temp-allocator-block-size=2097152"
    "memorysetup-job-temp-allocator-block-size-background=1048576"
    "memorysetup-job-temp-allocator-reduction-small-platforms=262144"
    "memorysetup-temp-allocator-size-background-worker=32768"
    "memorysetup-temp-allocator-size-job-worker=262144"
    "memorysetup-temp-allocator-size-preload-manager=33554432"
    "memorysetup-temp-allocator-size-nav-mesh-worker=65536"
    "memorysetup-temp-allocator-size-audio-worker=65536"
    "memorysetup-temp-allocator-size-cloud-worker=32768"
    "memorysetup-temp-allocator-size-gi-baking-worker=262144"
    "memorysetup-temp-allocator-size-gfx=262144"
Refreshing native plugins compatible for Editor in 107.09 ms, found 3 plugins.
Preloading 0 native plugins for Editor in 0.00 ms.
Initialize engine version: 2021.3.0f1 (6eacc8284459)
[Subsystems] Discovering subsystems at path C:/Program Files/Unity/Hub/Editor/2021.3.0f1/Editor/Data/Resources/UnitySubsystems
[Subsystems] Discovering subsystems at path C:/Users/s2020112527/ProjectGP/Assets
GfxDevice: creating device client; threaded=0; jobified=0
Direct3D:
    Version:  Direct3D 11.0 [level 11.1]
    Renderer: NVIDIA GeForce GTX 1650 (ID=0x1f82)
    Vendor:   NVIDIA
    VRAM:     3949 MB
    Driver:   31.0.15.2833
Initialize mono
Mono path[0] = 'C:/Program Files/Unity/Hub/Editor/2021.3.0f1/Editor/Data/Managed'
Mono path[1] = 'C:/Program Files/Unity/Hub/Editor/2021.3.0f1/Editor/Data/MonoBleedingEdge/lib/mono/unityjit-win32'
Mono config path = 'C:/Program Files/Unity/Hub/Editor/2021.3.0f1/Editor/Data/MonoBleedingEdge/etc'
Using monoOptions --debugger-agent=transport=dt_socket,embedding=1,server=y,suspend=n,address=127.0.0.1:56980
Begin MonoManager ReloadAssembly
Registering precompiled unity dll's ...
Register platform support module: C:/Program Files/Unity/Hub/Editor/2021.3.0f1/Editor/Data/PlaybackEngines/WindowsStandaloneSupport/UnityEditor.WindowsStandalone.Extensions.dll
Registered in 0.006298 seconds.
Native extension for WindowsStandalone target not found
Refreshing native plugins compatible for Editor in 107.91 ms, found 3 plugins.
Preloading 0 native plugins for Editor in 0.00 ms.
Mono: successfully reloaded assembly
- Completed reload, in  0.688 seconds
Domain Reload Profiling:
	ReloadAssembly (689ms)
		BeginReloadAssembly (93ms)
			ExecutionOrderSort (0ms)
			DisableScriptedObjects (0ms)
			BackupInstance (0ms)
			ReleaseScriptingObjects (0ms)
			CreateAndSetChildDomain (0ms)
		EndReloadAssembly (484ms)
			LoadAssemblies (92ms)
			RebuildTransferFunctionScriptingTraits (0ms)
			SetupTypeCache (99ms)
			ReleaseScriptCaches (0ms)
			RebuildScriptCaches (28ms)
			SetupLoadedEditorAssemblies (306ms)
				LogAssemblyErrors (0ms)
				InitializePlatformSupportModulesInManaged (8ms)
				SetLoadedEditorAssemblies (0ms)
				RefreshPlugins (108ms)
				BeforeProcessingInitializeOnLoad (1ms)
				ProcessInitializeOnLoadAttributes (137ms)
				ProcessInitializeOnLoadMethodAttributes (51ms)
				AfterProcessingInitializeOnLoad (0ms)
				EditorAssembliesLoaded (0ms)
			ExecutionOrderSort2 (0ms)
			AwakeInstancesAfterBackupRestoration (0ms)
Platform modules already initialized, skipping
Registering precompiled user dll's ...
Registered in 0.005833 seconds.
Begin MonoManager ReloadAssembly
Symbol file LoadedFromMemory doesn't match image C:\Users\s2020112527\ProjectGP\Library\PackageCache\com.unity.visualscripting@1.7.6\Editor\VisualScripting.Core\Dependencies\YamlDotNet\Unity.VisualScripting.YamlDotNet.dll
Symbol file LoadedFromMemory is not a mono symbol file
Symbol file LoadedFromMemory doesn't match image C:\Users\s2020112527\ProjectGP\Library\PackageCache\com.unity.visualscripting@1.7.6\Editor\VisualScripting.Core\Dependencies\DotNetZip\Unity.VisualScripting.IonicZip.dll
Native extension for WindowsStandalone target not found
Refreshing native plugins compatible for Editor in 0.78 ms, found 3 plugins.
Preloading 0 native plugins for Editor in 0.00 ms.
Mono: successfully reloaded assembly
- Completed reload, in  1.051 seconds
Domain Reload Profiling:
	ReloadAssembly (1052ms)
		BeginReloadAssembly (115ms)
			ExecutionOrderSort (0ms)
			DisableScriptedObjects (6ms)
			BackupInstance (0ms)
			ReleaseScriptingObjects (0ms)
			CreateAndSetChildDomain (16ms)
		EndReloadAssembly (812ms)
			LoadAssemblies (107ms)
			RebuildTransferFunctionScriptingTraits (0ms)
			SetupTypeCache (259ms)
			ReleaseScriptCaches (0ms)
			RebuildScriptCaches (54ms)
			SetupLoadedEditorAssemblies (358ms)
				LogAssemblyErrors (0ms)
				InitializePlatformSupportModulesInManaged (6ms)
				SetLoadedEditorAssemblies (1ms)
				RefreshPlugins (1ms)
				BeforeProcessingInitializeOnLoad (93ms)
				ProcessInitializeOnLoadAttributes (228ms)
				ProcessInitializeOnLoadMethodAttributes (24ms)
				AfterProcessingInitializeOnLoad (6ms)
				EditorAssembliesLoaded (0ms)
			ExecutionOrderSort2 (0ms)
			AwakeInstancesAfterBackupRestoration (7ms)
Platform modules already initialized, skipping
========================================================================
Worker process is ready to serve import requests
Launched and connected shader compiler UnityShaderCompiler.exe after 0.06 seconds
Refreshing native plugins compatible for Editor in 0.49 ms, found 3 plugins.
Preloading 0 native plugins for Editor in 0.00 ms.
Unloading 3227 Unused Serialized files (Serialized files now loaded: 0)
Unloading 23 unused Assets / (113.2 KB). Loaded Objects now: 3688.
Memory consumption went from 116.3 MB to 116.2 MB.
Total: 2.451500 ms (FindLiveObjects: 0.268600 ms CreateObjectMapping: 0.091900 ms MarkObjects: 1.994000 ms  DeleteObjects: 0.096000 ms)

AssetImportParameters requested are different than current active one (requested -> active):
  custom:video-decoder-ogg-theora: a1e56fd34408186e4bbccfd4996cb3dc -> 
  custom:container-muxer-webm: aa71ff27fc2769a1b78a27578f13a17b -> 
  custom:container-demuxer-webm: 4f35f7cbe854078d1ac9338744f61a02 -> 
  custom:video-encoder-webm-vp8: eb34c28f22e8b96e1ab97ce403110664 -> 
  custom:audio-encoder-webm-vorbis: bf7c407c2cedff20999df2af8eb42d56 -> 
  custom:framework-win-MediaFoundation: 216162199b28c13a410421893ffa2e32 -> 
  custom:container-demuxer-ogg: 62fdf1f143b41e24485cea50d1cbac27 -> 
  custom:video-decoder-webm-vp8: 9c59270c3fd7afecdb556c50c9e8de78 -> 
  custom:audio-decoder-ogg-vorbis: bf7c407c2cedff20999df2af8eb42d56 -> 
========================================================================
Received Import Request.
  Time since last request: 41370.542225 seconds.
  path: Assets
  artifactKey: Guid(00000000000000001000000000000000) Importer(815301076,1909f56bfc062723c751e8b465ee728b)
Start importing Assets using Guid(00000000000000001000000000000000) Importer(815301076,1909f56bfc062723c751e8b465ee728b)  -> (artifact id: '79842766b460edbeab6a34051e857a80') in 0.007583 seconds 
========================================================================
Received Import Request.
  Time since last request: 0.113778 seconds.
  path: Assets/Assets
  artifactKey: Guid(2a8cf5d57ecbd48408c3e4f5c0470406) Importer(815301076,1909f56bfc062723c751e8b465ee728b)
Start importing Assets/Assets using Guid(2a8cf5d57ecbd48408c3e4f5c0470406) Importer(815301076,1909f56bfc062723c751e8b465ee728b)  -> (artifact id: 'ef9decc1d38af07113d1dee4e8b41828') in 0.002579 seconds 
========================================================================
Received Import Request.
  Time since last request: 4.219652 seconds.
  path: Assets/Scenes 1
  artifactKey: Guid(61a402bf9b9e3894087ee5ee288d7af6) Importer(815301076,1909f56bfc062723c751e8b465ee728b)
Start importing Assets/Scenes 1 using Guid(61a402bf9b9e3894087ee5ee288d7af6) Importer(815301076,1909f56bfc062723c751e8b465ee728b)  -> (artifact id: '014875602d5902e4557e60c9337e3ca1') in 0.002760 seconds 
========================================================================
Received Import Request.
  Time since last request: 0.396379 seconds.
  path: Assets/Scenes
  artifactKey: Guid(6ea315d0fd7389c41b19996891e99ae3) Importer(815301076,1909f56bfc062723c751e8b465ee728b)
Start importing Assets/Scenes using Guid(6ea315d0fd7389c41b19996891e99ae3) Importer(815301076,1909f56bfc062723c751e8b465ee728b)  -> (artifact id: 'b8193726cff86800c54781cdc6d54904') in 0.002687 seconds 
========================================================================
Received Import Request.
  Time since last request: 0.119034 seconds.
  path: Assets/PolygonSciFiCity
  artifactKey: Guid(ba10ae76bede75a48819a8ec4e53635b) Importer(815301076,1909f56bfc062723c751e8b465ee728b)
Start importing Assets/PolygonSciFiCity using Guid(ba10ae76bede75a48819a8ec4e53635b) Importer(815301076,1909f56bfc062723c751e8b465ee728b)  -> (artifact id: '919f4bbe9d95ca7c39b5b7e6a24f24e0') in 0.002581 seconds 
========================================================================
Received Import Request.
  Time since last request: 6.067851 seconds.
  path: Assets/Scenes/SampleScene.unity
  artifactKey: Guid(9fc0d4010bbf28b4594072e72b8655ab) Importer(815301076,1909f56bfc062723c751e8b465ee728b)
Start importing Assets/Scenes/SampleScene.unity using Guid(9fc0d4010bbf28b4594072e72b8655ab) Importer(815301076,1909f56bfc062723c751e8b465ee728b)  -> (artifact id: 'e55ccaa32d8e5c1de03c07a5412c8c3c') in 0.003069 seconds 
========================================================================
Received Import Request.
  Time since last request: 2.870308 seconds.
  path: Assets/Scenes/Main Scene.unity
  artifactKey: Guid(9fc0d4010bbf28b4594072e72b8655ab) Importer(815301076,1909f56bfc062723c751e8b465ee728b)
Start importing Assets/Scenes/Main Scene.unity using Guid(9fc0d4010bbf28b4594072e72b8655ab) Importer(815301076,1909f56bfc062723c751e8b465ee728b)  -> (artifact id: 'aaf2fbdd9a22e7c1fb49e41f21720b77') in 0.002832 seconds 
========================================================================
Received Import Request.
  Time since last request: 35.286630 seconds.
  path: Assets/Scenes/KDH_TestScene.unity
  artifactKey: Guid(3f8c061629a1f60478ba057aa9ae96fb) Importer(815301076,1909f56bfc062723c751e8b465ee728b)
Start importing Assets/Scenes/KDH_TestScene.unity using Guid(3f8c061629a1f60478ba057aa9ae96fb) Importer(815301076,1909f56bfc062723c751e8b465ee728b)  -> (artifact id: '84acb5467d11f5323d47009327cdde6a') in 0.003014 seconds 
========================================================================
Received Import Request.
  Time since last request: 40.171539 seconds.
  path: Assets/Assets/PolygonSciFiCity/Prefabs/Environments
  artifactKey: Guid(061728e5d8adb7e46b3f7df94513688f) Importer(815301076,1909f56bfc062723c751e8b465ee728b)
Start importing Assets/Assets/PolygonSciFiCity/Prefabs/Environments using Guid(061728e5d8adb7e46b3f7df94513688f) Importer(815301076,1909f56bfc062723c751e8b465ee728b)  -> (artifact id: '49bd2af2b3034838b4bd05bd2c76387c') in 0.003377 seconds 
========================================================================
Received Import Request.
  Time since last request: 3.382108 seconds.
  path: Assets/Assets/PolygonSciFiCity/Prefabs/Environments/SM_Env_Ground_Tile_Half_04.prefab
  artifactKey: Guid(f1caf2cf329e69744a5b641ea8285df6) Importer(815301076,1909f56bfc062723c751e8b465ee728b)
Start importing Assets/Assets/PolygonSciFiCity/Prefabs/Environments/SM_Env_Ground_Tile_Half_04.prefab using Guid(f1caf2cf329e69744a5b641ea8285df6) Importer(815301076,1909f56bfc062723c751e8b465ee728b)  -> (artifact id: '1999993db64b16b4dedb5550d3fc5bfc') in 0.346917 seconds 
========================================================================
Received Import Request.
  Time since last request: 94.173002 seconds.
  path: Assets/Assets/PolygonSciFiCity/Textures
  artifactKey: Guid(adc0bbcee29aca245afa352a1546b85f) Importer(815301076,1909f56bfc062723c751e8b465ee728b)
Start importing Assets/Assets/PolygonSciFiCity/Textures using Guid(adc0bbcee29aca245afa352a1546b85f) Importer(815301076,1909f56bfc062723c751e8b465ee728b)  -> (artifact id: '9b5b35f65f989f09bc10801d5cbeedda') in 0.002924 seconds 
========================================================================
Received Import Request.
  Time since last request: 0.472090 seconds.
  path: Assets/Assets/PolygonSciFiCity/Scenes
  artifactKey: Guid(b4a435e18557a4b4bb8de1fe098afa25) Importer(815301076,1909f56bfc062723c751e8b465ee728b)
Start importing Assets/Assets/PolygonSciFiCity/Scenes using Guid(b4a435e18557a4b4bb8de1fe098afa25) Importer(815301076,1909f56bfc062723c751e8b465ee728b)  -> (artifact id: '8bab00eeb5619ad4d57ae4d5f26ae0b6') in 0.002580 seconds 
========================================================================
Received Import Request.
  Time since last request: 1.712329 seconds.
  path: Assets/Assets/PolygonSciFiCity/Scenes/Demo.unity
  artifactKey: Guid(f3b9e9dadf5931045b77452c62c3cdbc) Importer(815301076,1909f56bfc062723c751e8b465ee728b)
Start importing Assets/Assets/PolygonSciFiCity/Scenes/Demo.unity using Guid(f3b9e9dadf5931045b77452c62c3cdbc) Importer(815301076,1909f56bfc062723c751e8b465ee728b)  -> (artifact id: '641be2eadbde162889dec591cf607a45') in 0.003228 seconds 
========================================================================
Received Import Request.
  Time since last request: 55.372643 seconds.
  path: Assets/Scenes/KDH_TestScene.unity
  artifactKey: Guid(3f8c061629a1f60478ba057aa9ae96fb) Importer(815301076,1909f56bfc062723c751e8b465ee728b)
Start importing Assets/Scenes/KDH_TestScene.unity using Guid(3f8c061629a1f60478ba057aa9ae96fb) Importer(815301076,1909f56bfc062723c751e8b465ee728b)  -> (artifact id: '8a429ae5a9af7369f0f3139f6c0f0a5e') in 0.002515 seconds 
========================================================================
Received Import Request.
  Time since last request: 891.630714 seconds.
  path: Assets/Scenes/KDH_TestScene.unity
  artifactKey: Guid(3f8c061629a1f60478ba057aa9ae96fb) Importer(815301076,1909f56bfc062723c751e8b465ee728b)
Start importing Assets/Scenes/KDH_TestScene.unity using Guid(3f8c061629a1f60478ba057aa9ae96fb) Importer(815301076,1909f56bfc062723c751e8b465ee728b)  -> (artifact id: '1cb804d177678e3694ff65d1d72f072b') in 0.004301 seconds 
========================================================================
Received Prepare
Registering precompiled user dll's ...
Registered in 0.008414 seconds.
Begin MonoManager ReloadAssembly
Symbol file LoadedFromMemory doesn't match image C:\Users\s2020112527\ProjectGP\Library\PackageCache\com.unity.visualscripting@1.7.6\Editor\VisualScripting.Core\Dependencies\YamlDotNet\Unity.VisualScripting.YamlDotNet.dll
Symbol file LoadedFromMemory is not a mono symbol file
Symbol file LoadedFromMemory doesn't match image C:\Users\s2020112527\ProjectGP\Library\PackageCache\com.unity.visualscripting@1.7.6\Editor\VisualScripting.Core\Dependencies\DotNetZip\Unity.VisualScripting.IonicZip.dll
Native extension for WindowsStandalone target not found
Refreshing native plugins compatible for Editor in 0.89 ms, found 3 plugins.
Preloading 0 native plugins for Editor in 0.00 ms.
[ScriptCompilation] NOT recompiling all scripts because this is an import worker process. Reason to compile was: Define symbols changed
Mono: successfully reloaded assembly
- Completed reload, in  1.037 seconds
Domain Reload Profiling:
	ReloadAssembly (1037ms)
		BeginReloadAssembly (147ms)
			ExecutionOrderSort (0ms)
			DisableScriptedObjects (5ms)
			BackupInstance (0ms)
			ReleaseScriptingObjects (0ms)
			CreateAndSetChildDomain (34ms)
		EndReloadAssembly (787ms)
			LoadAssemblies (120ms)
			RebuildTransferFunctionScriptingTraits (0ms)
			SetupTypeCache (266ms)
			ReleaseScriptCaches (2ms)
			RebuildScriptCaches (43ms)
			SetupLoadedEditorAssemblies (326ms)
				LogAssemblyErrors (0ms)
				InitializePlatformSupportModulesInManaged (15ms)
				SetLoadedEditorAssemblies (1ms)
				RefreshPlugins (1ms)
				BeforeProcessingInitializeOnLoad (74ms)
				ProcessInitializeOnLoadAttributes (207ms)
				ProcessInitializeOnLoadMethodAttributes (23ms)
				AfterProcessingInitializeOnLoad (6ms)
				EditorAssembliesLoaded (0ms)
			ExecutionOrderSort2 (0ms)
			AwakeInstancesAfterBackupRestoration (8ms)
Platform modules already initialized, skipping
Refreshing native plugins compatible for Editor in 2.31 ms, found 3 plugins.
Preloading 0 native plugins for Editor in 0.00 ms.
Unloading 3353 Unused Serialized files (Serialized files now loaded: 0)
Unloading 56 unused Assets / (3.4 MB). Loaded Objects now: 3790.
Memory consumption went from 130.9 MB to 127.6 MB.
Total: 3.993500 ms (FindLiveObjects: 0.363500 ms CreateObjectMapping: 0.112200 ms MarkObjects: 2.642600 ms  DeleteObjects: 0.873300 ms)

AssetImportParameters requested are different than current active one (requested -> active):
  custom:video-decoder-ogg-theora: a1e56fd34408186e4bbccfd4996cb3dc -> 
  custom:container-muxer-webm: aa71ff27fc2769a1b78a27578f13a17b -> 
  custom:container-demuxer-webm: 4f35f7cbe854078d1ac9338744f61a02 -> 
  custom:video-encoder-webm-vp8: eb34c28f22e8b96e1ab97ce403110664 -> 
  custom:audio-encoder-webm-vorbis: bf7c407c2cedff20999df2af8eb42d56 -> 
  custom:framework-win-MediaFoundation: 216162199b28c13a410421893ffa2e32 -> 
  custom:container-demuxer-ogg: 62fdf1f143b41e24485cea50d1cbac27 -> 
  custom:video-decoder-webm-vp8: 9c59270c3fd7afecdb556c50c9e8de78 -> 
  custom:audio-decoder-ogg-vorbis: bf7c407c2cedff20999df2af8eb42d56 -> 
========================================================================
Received Prepare
Registering precompiled user dll's ...
Registered in 0.004564 seconds.
Begin MonoManager ReloadAssembly
Symbol file LoadedFromMemory doesn't match image C:\Users\s2020112527\ProjectGP\Library\PackageCache\com.unity.visualscripting@1.7.6\Editor\VisualScripting.Core\Dependencies\YamlDotNet\Unity.VisualScripting.YamlDotNet.dll
Symbol file LoadedFromMemory is not a mono symbol file
Symbol file LoadedFromMemory doesn't match image C:\Users\s2020112527\ProjectGP\Library\PackageCache\com.unity.visualscripting@1.7.6\Editor\VisualScripting.Core\Dependencies\DotNetZip\Unity.VisualScripting.IonicZip.dll
Native extension for WindowsStandalone target not found
Refreshing native plugins compatible for Editor in 0.76 ms, found 3 plugins.
Preloading 0 native plugins for Editor in 0.00 ms.
[ScriptCompilation] NOT recompiling all scripts because this is an import worker process. Reason to compile was: Define symbols changed
Mono: successfully reloaded assembly
- Completed reload, in  1.040 seconds
Domain Reload Profiling:
	ReloadAssembly (1041ms)
		BeginReloadAssembly (155ms)
			ExecutionOrderSort (0ms)
			DisableScriptedObjects (6ms)
			BackupInstance (0ms)
			ReleaseScriptingObjects (0ms)
			CreateAndSetChildDomain (34ms)
		EndReloadAssembly (781ms)
			LoadAssemblies (125ms)
			RebuildTransferFunctionScriptingTraits (0ms)
			SetupTypeCache (244ms)
			ReleaseScriptCaches (1ms)
			RebuildScriptCaches (46ms)
			SetupLoadedEditorAssemblies (339ms)
				LogAssemblyErrors (0ms)
				InitializePlatformSupportModulesInManaged (15ms)
				SetLoadedEditorAssemblies (1ms)
				RefreshPlugins (1ms)
				BeforeProcessingInitializeOnLoad (75ms)
				ProcessInitializeOnLoadAttributes (215ms)
				ProcessInitializeOnLoadMethodAttributes (26ms)
				AfterProcessingInitializeOnLoad (7ms)
				EditorAssembliesLoaded (0ms)
			ExecutionOrderSort2 (0ms)
			AwakeInstancesAfterBackupRestoration (8ms)
Platform modules already initialized, skipping
Refreshing native plugins compatible for Editor in 2.05 ms, found 3 plugins.
Preloading 0 native plugins for Editor in 0.00 ms.
Unloading 3357 Unused Serialized files (Serialized files now loaded: 0)
Unloading 57 unused Assets / (3.7 MB). Loaded Objects now: 3796.
Memory consumption went from 131.5 MB to 127.8 MB.
Total: 3.968700 ms (FindLiveObjects: 0.356800 ms CreateObjectMapping: 0.127300 ms MarkObjects: 2.391100 ms  DeleteObjects: 1.092100 ms)

AssetImportParameters requested are different than current active one (requested -> active):
  custom:video-decoder-ogg-theora: a1e56fd34408186e4bbccfd4996cb3dc -> 
  custom:container-muxer-webm: aa71ff27fc2769a1b78a27578f13a17b -> 
  custom:container-demuxer-webm: 4f35f7cbe854078d1ac9338744f61a02 -> 
  custom:video-encoder-webm-vp8: eb34c28f22e8b96e1ab97ce403110664 -> 
  custom:audio-encoder-webm-vorbis: bf7c407c2cedff20999df2af8eb42d56 -> 
  custom:framework-win-MediaFoundation: 216162199b28c13a410421893ffa2e32 -> 
  custom:container-demuxer-ogg: 62fdf1f143b41e24485cea50d1cbac27 -> 
  custom:video-decoder-webm-vp8: 9c59270c3fd7afecdb556c50c9e8de78 -> 
  custom:audio-decoder-ogg-vorbis: bf7c407c2cedff20999df2af8eb42d56 -> 
========================================================================
Received Import Request.
  Time since last request: 1574.712820 seconds.
  path: Assets/Scenes/KJS_TestScene.unity
  artifactKey: Guid(a8bc70f2a839a4b46b3b84212caf30fd) Importer(815301076,1909f56bfc062723c751e8b465ee728b)
Start importing Assets/Scenes/KJS_TestScene.unity using Guid(a8bc70f2a839a4b46b3b84212caf30fd) Importer(815301076,1909f56bfc062723c751e8b465ee728b)  -> (artifact id: '94576ba99ff867dcae55f6ac85c09df2') in 0.007751 seconds 
========================================================================
Received Import Request.
  Time since last request: 14.125529 seconds.
  path: Assets/Scenes/New Scene.unity
  artifactKey: Guid(46a59aa867ac79d4c8fa2b2f9531e501) Importer(815301076,1909f56bfc062723c751e8b465ee728b)
Start importing Assets/Scenes/New Scene.unity using Guid(46a59aa867ac79d4c8fa2b2f9531e501) Importer(815301076,1909f56bfc062723c751e8b465ee728b)  -> (artifact id: 'e7a0cfee060ebd1a67f9594f280fb885') in 0.002638 seconds 
========================================================================
Received Import Request.
  Time since last request: 4.974835 seconds.
  path: Assets/Scenes/KKW_TestScene.unity
  artifactKey: Guid(46a59aa867ac79d4c8fa2b2f9531e501) Importer(815301076,1909f56bfc062723c751e8b465ee728b)
Start importing Assets/Scenes/KKW_TestScene.unity using Guid(46a59aa867ac79d4c8fa2b2f9531e501) Importer(815301076,1909f56bfc062723c751e8b465ee728b)  -> (artifact id: 'de364c394a8521494a6aba31cfd5784b') in 0.002792 seconds 
========================================================================
Received Import Request.
  Time since last request: 15.566165 seconds.
  path: Assets/Scenes/JKH_TestScene.unity
  artifactKey: Guid(3403f72def5b6a84e92973120cff89ae) Importer(815301076,1909f56bfc062723c751e8b465ee728b)
Start importing Assets/Scenes/JKH_TestScene.unity using Guid(3403f72def5b6a84e92973120cff89ae) Importer(815301076,1909f56bfc062723c751e8b465ee728b)  -> (artifact id: '7305f2a8b998d2ae31c66fdac4d68091') in 0.002790 seconds 
========================================================================
Received Prepare
Registering precompiled user dll's ...
Registered in 0.004853 seconds.
Begin MonoManager ReloadAssembly
Symbol file LoadedFromMemory doesn't match image C:\Users\s2020112527\ProjectGP\Library\PackageCache\com.unity.visualscripting@1.7.6\Editor\VisualScripting.Core\Dependencies\YamlDotNet\Unity.VisualScripting.YamlDotNet.dll
Symbol file LoadedFromMemory is not a mono symbol file
Symbol file LoadedFromMemory doesn't match image C:\Users\s2020112527\ProjectGP\Library\PackageCache\com.unity.visualscripting@1.7.6\Editor\VisualScripting.Core\Dependencies\DotNetZip\Unity.VisualScripting.IonicZip.dll
Native extension for WindowsStandalone target not found
Refreshing native plugins compatible for Editor in 0.87 ms, found 3 plugins.
Preloading 0 native plugins for Editor in 0.00 ms.
Mono: successfully reloaded assembly
- Completed reload, in  0.995 seconds
Domain Reload Profiling:
	ReloadAssembly (996ms)
		BeginReloadAssembly (134ms)
			ExecutionOrderSort (0ms)
			DisableScriptedObjects (6ms)
			BackupInstance (0ms)
			ReleaseScriptingObjects (0ms)
			CreateAndSetChildDomain (32ms)
		EndReloadAssembly (760ms)
			LoadAssemblies (103ms)
			RebuildTransferFunctionScriptingTraits (0ms)
			SetupTypeCache (241ms)
			ReleaseScriptCaches (1ms)
			RebuildScriptCaches (40ms)
			SetupLoadedEditorAssemblies (335ms)
				LogAssemblyErrors (0ms)
				InitializePlatformSupportModulesInManaged (14ms)
				SetLoadedEditorAssemblies (1ms)
				RefreshPlugins (1ms)
				BeforeProcessingInitializeOnLoad (72ms)
				ProcessInitializeOnLoadAttributes (216ms)
				ProcessInitializeOnLoadMethodAttributes (26ms)
				AfterProcessingInitializeOnLoad (6ms)
				EditorAssembliesLoaded (0ms)
			ExecutionOrderSort2 (0ms)
			AwakeInstancesAfterBackupRestoration (9ms)
Platform modules already initialized, skipping
Refreshing native plugins compatible for Editor in 1.90 ms, found 3 plugins.
Preloading 0 native plugins for Editor in 0.00 ms.
Unloading 3357 Unused Serialized files (Serialized files now loaded: 0)
Unloading 57 unused Assets / (3.7 MB). Loaded Objects now: 3799.
Memory consumption went from 131.5 MB to 127.8 MB.
Total: 3.865300 ms (FindLiveObjects: 0.358000 ms CreateObjectMapping: 0.116600 ms MarkObjects: 2.418200 ms  DeleteObjects: 0.971500 ms)

AssetImportParameters requested are different than current active one (requested -> active):
  custom:video-decoder-ogg-theora: a1e56fd34408186e4bbccfd4996cb3dc -> 
  custom:container-muxer-webm: aa71ff27fc2769a1b78a27578f13a17b -> 
  custom:container-demuxer-webm: 4f35f7cbe854078d1ac9338744f61a02 -> 
  custom:video-encoder-webm-vp8: eb34c28f22e8b96e1ab97ce403110664 -> 
  custom:audio-encoder-webm-vorbis: bf7c407c2cedff20999df2af8eb42d56 -> 
  custom:framework-win-MediaFoundation: 216162199b28c13a410421893ffa2e32 -> 
  custom:container-demuxer-ogg: 62fdf1f143b41e24485cea50d1cbac27 -> 
  custom:video-decoder-webm-vp8: 9c59270c3fd7afecdb556c50c9e8de78 -> 
  custom:audio-decoder-ogg-vorbis: bf7c407c2cedff20999df2af8eb42d56 -> 
========================================================================
Received Import Request.
  Time since last request: 31.045215 seconds.
  path: Assets/Scripts
  artifactKey: Guid(a4cd178dd341b6d41b88e8f9c9d853dd) Importer(815301076,1909f56bfc062723c751e8b465ee728b)
Start importing Assets/Scripts using Guid(a4cd178dd341b6d41b88e8f9c9d853dd) Importer(815301076,1909f56bfc062723c751e8b465ee728b)  -> (artifact id: '1f2f241121d91841ea747da16b3402b9') in 0.007086 seconds 
========================================================================
Received Import Request.
  Time since last request: 8.999839 seconds.
  path: Assets/Scripts/LevelDesign
  artifactKey: Guid(87b80fcab35094c4aaf724d3773c14e3) Importer(815301076,1909f56bfc062723c751e8b465ee728b)
Start importing Assets/Scripts/LevelDesign using Guid(87b80fcab35094c4aaf724d3773c14e3) Importer(815301076,1909f56bfc062723c751e8b465ee728b)  -> (artifact id: '51c9babecec5e1070bebe973b844cd84') in 0.002925 seconds 
========================================================================
Received Import Request.
  Time since last request: 7.381513 seconds.
  path: Assets/Scripts/Managers
  artifactKey: Guid(10846494faf4fbe44acd768785c6dded) Importer(815301076,1909f56bfc062723c751e8b465ee728b)
Start importing Assets/Scripts/Managers using Guid(10846494faf4fbe44acd768785c6dded) Importer(815301076,1909f56bfc062723c751e8b465ee728b)  -> (artifact id: 'd51720d7095e6805ac1edc1d9b941824') in 0.003062 seconds 
========================================================================
Received Import Request.
  Time since last request: 14.462750 seconds.
  path: Assets/Scripts/Character
  artifactKey: Guid(0ee5e8f600364f24b89f5d098b75d243) Importer(815301076,1909f56bfc062723c751e8b465ee728b)
Start importing Assets/Scripts/Character using Guid(0ee5e8f600364f24b89f5d098b75d243) Importer(815301076,1909f56bfc062723c751e8b465ee728b)  -> (artifact id: '82023c7113ed261a2728cc578fd08231') in 0.002854 seconds 
========================================================================
Received Import Request.
  Time since last request: 2.523620 seconds.
  path: Assets/Scripts/Player
  artifactKey: Guid(0ee5e8f600364f24b89f5d098b75d243) Importer(815301076,1909f56bfc062723c751e8b465ee728b)
Start importing Assets/Scripts/Player using Guid(0ee5e8f600364f24b89f5d098b75d243) Importer(815301076,1909f56bfc062723c751e8b465ee728b)  -> (artifact id: '6b5889c593feb2501752d54bdbc1c6a3') in 0.002863 seconds 
========================================================================
Received Import Request.
  Time since last request: 4.602776 seconds.
  path: Assets/Scripts/Enemy
  artifactKey: Guid(0ad541acaf03fcd4bac104217b23313e) Importer(815301076,1909f56bfc062723c751e8b465ee728b)
Start importing Assets/Scripts/Enemy using Guid(0ad541acaf03fcd4bac104217b23313e) Importer(815301076,1909f56bfc062723c751e8b465ee728b)  -> (artifact id: '6225c02987f15c8bc3272421c42df171') in 0.003415 seconds 
